# JRE version: Java(TM) SE Runtime Environment (8.0_101-b13) (build 1.8.0_101-b13)
# Java VM: Java HotSpot(TM) 64-Bit Server VM (25.101-b13 mixed mode linux-amd64 compressed oops)
Heap:
 PSYoungGen      total 463872K, used 7893K [0x00000000d6780000, 0x00000000f4c80000, 0x0000000100000000)
  eden space 448512K, 0% used [0x00000000d6780000,0x00000000d6780000,0x00000000f1d80000)
  from space 15360K, 51% used [0x00000000f1d80000,0x00000000f25354d0,0x00000000f2c80000)
  to   space 15872K, 0% used [0x00000000f2c80000,0x00000000f2c80000,0x00000000f3c00000)
 ParOldGen       total 67072K, used 14460K [0x0000000083600000, 0x0000000087780000, 0x00000000d6780000)
  object space 67072K, 21% used [0x0000000083600000,0x000000008441f360,0x0000000087780000)
 Metaspace       used 35767K, capacity 36280K, committed 36560K, reserved 1081344K
  class space    used 4511K, capacity 4641K, committed 4736K, reserved 1048576K
GC Heap History (10 events):
Event: 1.626 GC heap after
Heap after GC invocations=6 (full 1):
 PSYoungGen      total 136192K, used 0K [0x00000000d6780000, 0x00000000e8180000, 0x0000000100000000)
  eden space 131072K, 0% used [0x00000000d6780000,0x00000000d6780000,0x00000000de780000)
  from space 5120K, 0% used [0x00000000de780000,0x00000000de780000,0x00000000dec80000)
  to   space 13312K, 0% used [0x00000000e7480000,0x00000000e7480000,0x00000000e8180000)
 ParOldGen       total 53760K, used 9160K [0x0000000083600000, 0x0000000086a80000, 0x00000000d6780000)
  object space 53760K, 17% used [0x0000000083600000,0x0000000083ef2168,0x0000000086a80000)
 Metaspace       used 21201K, capacity 21478K, committed 21628K, reserved 1069056K
  class space    used 2630K, capacity 2737K, committed 2816K, reserved 1048576K
}
Event: 2.478 GC heap before
{Heap before GC invocations=7 (full 1):
 PSYoungGen      total 136192K, used 131072K [0x00000000d6780000, 0x00000000e8180000, 0x0000000100000000)
  eden space 131072K, 100% used [0x00000000d6780000,0x00000000de780000,0x00000000de780000)
  from space 5120K, 0% used [0x00000000de780000,0x00000000de780000,0x00000000dec80000)
  to   space 13312K, 0% used [0x00000000e7480000,0x00000000e7480000,0x00000000e8180000)
 ParOldGen       total 53760K, used 9160K [0x0000000083600000, 0x0000000086a80000, 0x00000000d6780000)
  object space 53760K, 17% used [0x0000000083600000,0x0000000083ef2168,0x0000000086a80000)
 Metaspace       used 28574K, capacity 28940K, committed 29056K, reserved 1075200K
  class space    used 3543K, capacity 3653K, committed 3712K, reserved 1048576K
Event: 2.489 GC heap after
Heap after GC invocations=7 (full 1):
 PSYoungGen      total 253440K, used 9049K [0x00000000d6780000, 0x00000000e7d80000, 0x0000000100000000)
  eden space 244224K, 0% used [0x00000000d6780000,0x00000000d6780000,0x00000000e5600000)
  from space 9216K, 98% used [0x00000000e7480000,0x00000000e7d567d8,0x00000000e7d80000)
  to   space 13312K, 0% used [0x00000000e6380000,0x00000000e6380000,0x00000000e7080000)
 ParOldGen       total 53760K, used 9168K [0x0000000083600000, 0x0000000086a80000, 0x00000000d6780000)
  object space 53760K, 17% used [0x0000000083600000,0x0000000083ef4168,0x0000000086a80000)
 Metaspace       used 28574K, capacity 28940K, committed 29056K, reserved 1075200K
  class space    used 3543K, capacity 3653K, committed 3712K, reserved 1048576K
}
Event: 4.210 GC heap before
{Heap before GC invocations=8 (full 1):
 PSYoungGen      total 253440K, used 253273K [0x00000000d6780000, 0x00000000e7d80000, 0x0000000100000000)
  eden space 244224K, 100% used [0x00000000d6780000,0x00000000e5600000,0x00000000e5600000)
  from space 9216K, 98% used [0x00000000e7480000,0x00000000e7d567d8,0x00000000e7d80000)
  to   space 13312K, 0% used [0x00000000e6380000,0x00000000e6380000,0x00000000e7080000)
 ParOldGen       total 53760K, used 9168K [0x0000000083600000, 0x0000000086a80000, 0x00000000d6780000)
  object space 53760K, 17% used [0x0000000083600000,0x0000000083ef4168,0x0000000086a80000)
 Metaspace       used 34970K, capacity 35330K, committed 35584K, reserved 1081344K
  class space    used 4488K, capacity 4600K, committed 4608K, reserved 1048576K
Event: 4.245 GC heap after
Heap after GC invocations=8 (full 1):
 PSYoungGen      total 271360K, used 13305K [0x00000000d6780000, 0x00000000f3c00000, 0x0000000100000000)
  eden space 258048K, 0% used [0x00000000d6780000,0x00000000d6780000,0x00000000e6380000)
  from space 13312K, 99% used [0x00000000e6380000,0x00000000e707e518,0x00000000e7080000)
  to   space 15872K, 0% used [0x00000000f2c80000,0x00000000f2c80000,0x00000000f3c00000)
 ParOldGen       total 53760K, used 9793K [0x0000000083600000, 0x0000000086a80000, 0x00000000d6780000)
  object space 53760K, 18% used [0x0000000083600000,0x0000000083f905e0,0x0000000086a80000)
 Metaspace       used 34970K, capacity 35330K, committed 35584K, reserved 1081344K
  class space    used 4488K, capacity 4600K, committed 4608K, reserved 1048576K
}
Event: 4.899 GC heap before
{Heap before GC invocations=9 (full 1):
 PSYoungGen      total 271360K, used 190161K [0x00000000d6780000, 0x00000000f3c00000, 0x0000000100000000)
  eden space 258048K, 68% used [0x00000000d6780000,0x00000000e1436238,0x00000000e6380000)
  from space 13312K, 99% used [0x00000000e6380000,0x00000000e707e518,0x00000000e7080000)
  to   space 15872K, 0% used [0x00000000f2c80000,0x00000000f2c80000,0x00000000f3c00000)
 ParOldGen       total 53760K, used 9793K [0x0000000083600000, 0x0000000086a80000, 0x00000000d6780000)
  object space 53760K, 18% used [0x0000000083600000,0x0000000083f905e0,0x0000000086a80000)
 Metaspace       used 35333K, capacity 35764K, committed 36048K, reserved 1081344K
  class space    used 4499K, capacity 4619K, committed 4736K, reserved 1048576K
Event: 4.915 GC heap after
Heap after GC invocations=9 (full 1):
 PSYoungGen      total 464384K, used 7891K [0x00000000d6780000, 0x00000000f4c80000, 0x0000000100000000)
  eden space 448512K, 0% used [0x00000000d6780000,0x00000000d6780000,0x00000000f1d80000)
  from space 15872K, 49% used [0x00000000f2c80000,0x00000000f3434d00,0x00000000f3c00000)
  to   space 15360K, 0% used [0x00000000f1d80000,0x00000000f1d80000,0x00000000f2c80000)
 ParOldGen       total 53760K, used 9801K [0x0000000083600000, 0x0000000086a80000, 0x00000000d6780000)
  object space 53760K, 18% used [0x0000000083600000,0x0000000083f925e0,0x0000000086a80000)
 Metaspace       used 35333K, capacity 35764K, committed 36048K, reserved 1081344K
  class space    used 4499K, capacity 4619K, committed 4736K, reserved 1048576K
}
Event: 4.915 GC heap before
{Heap before GC invocations=10 (full 2):
 PSYoungGen      total 464384K, used 7891K [0x00000000d6780000, 0x00000000f4c80000, 0x0000000100000000)
  eden space 448512K, 0% used [0x00000000d6780000,0x00000000d6780000,0x00000000f1d80000)
  from space 15872K, 49% used [0x00000000f2c80000,0x00000000f3434d00,0x00000000f3c00000)
  to   space 15360K, 0% used [0x00000000f1d80000,0x00000000f1d80000,0x00000000f2c80000)
 ParOldGen       total 53760K, used 9801K [0x0000000083600000, 0x0000000086a80000, 0x00000000d6780000)
  object space 53760K, 18% used [0x0000000083600000,0x0000000083f925e0,0x0000000086a80000)
 Metaspace       used 35333K, capacity 35764K, committed 36048K, reserved 1081344K
  class space    used 4499K, capacity 4619K, committed 4736K, reserved 1048576K
Event: 4.992 GC heap after
Heap after GC invocations=10 (full 2):
 PSYoungGen      total 464384K, used 0K [0x00000000d6780000, 0x00000000f4c80000, 0x0000000100000000)
  eden space 448512K, 0% used [0x00000000d6780000,0x00000000d6780000,0x00000000f1d80000)
  from space 15872K, 0% used [0x00000000f2c80000,0x00000000f2c80000,0x00000000f3c00000)
  to   space 15360K, 0% used [0x00000000f1d80000,0x00000000f1d80000,0x00000000f2c80000)
 ParOldGen       total 67072K, used 14452K [0x0000000083600000, 0x0000000087780000, 0x00000000d6780000)
  object space 67072K, 21% used [0x0000000083600000,0x000000008441d360,0x0000000087780000)
 Metaspace       used 35333K, capacity 35764K, committed 36048K, reserved 1081344K
  class space    used 4499K, capacity 4619K, committed 4736K, reserved 1048576K
}
Event: 6.570 GC heap before
{Heap before GC invocations=11 (full 2):
 PSYoungGen      total 464384K, used 448512K [0x00000000d6780000, 0x00000000f4c80000, 0x0000000100000000)
  eden space 448512K, 100% used [0x00000000d6780000,0x00000000f1d80000,0x00000000f1d80000)
  from space 15872K, 0% used [0x00000000f2c80000,0x00000000f2c80000,0x00000000f3c00000)
  to   space 15360K, 0% used [0x00000000f1d80000,0x00000000f1d80000,0x00000000f2c80000)
 ParOldGen       total 67072K, used 14452K [0x0000000083600000, 0x0000000087780000, 0x00000000d6780000)
  object space 67072K, 21% used [0x0000000083600000,0x000000008441d360,0x0000000087780000)
 Metaspace       used 35767K, capacity 36280K, committed 36560K, reserved 1081344K
  class space    used 4511K, capacity 4641K, committed 4736K, reserved 1048576K

